<?xml version="1.0" encoding="UTF-8"?>
<!-- Generated by org.testng.reporters.JUnitReportReporter -->
<testsuite hostname="DESKTOP-O07KPJ2" failures="0" tests="1" name="FlipkartTest.annotations" time="0.024" errors="0" timestamp="2022-10-14T22:02:18 IST" skipped="0">
  <testcase classname="FlipkartTest.annotations" name="test" time="0.024"/>
  <system-out/>
</testsuite> <!-- FlipkartTest.annotations -->
